2024-11-15T00:32:33.678+05:30  INFO 5052 --- [Tcp-Client-Server] [main] t.R.TcpClientServerConnectionApplication : Starting TcpClientServerConnectionApplication using Java 17.0.12 with PID 5052 (D:\JJ\vv\sample - 1\target\classes started by jeyar in D:\JJ\vv\sample - 1)
2024-11-15T00:32:33.722+05:30 DEBUG 5052 --- [Tcp-Client-Server] [main] t.R.TcpClientServerConnectionApplication : Running with Spring Boot v3.3.5, Spring v6.1.14
2024-11-15T00:32:33.725+05:30  INFO 5052 --- [Tcp-Client-Server] [main] t.R.TcpClientServerConnectionApplication : No active profile set, falling back to 1 default profile: "default"
2024-11-15T00:32:37.551+05:30  INFO 5052 --- [Tcp-Client-Server] [main] o.s.b.web.embedded.netty.NettyWebServer  : Netty started on port 8080 (http)
2024-11-15T00:32:37.575+05:30  INFO 5052 --- [Tcp-Client-Server] [main] t.R.TcpClientServerConnectionApplication : Started TcpClientServerConnectionApplication in 4.853 seconds (process running for 5.718)
2024-11-15T00:32:37.584+05:30  INFO 5052 --- [Tcp-Client-Server] [main] c.t.R.service.server.ReactiveTcpServer   : TCP Server started on port: 5000
2024-11-15T00:32:40.129+05:30  INFO 5052 --- [Tcp-Client-Server] [reactor-tcp-nio-3] c.t.R.util.TcpClientUtil                 : Successfully connected to the server
2024-11-15T00:32:40.130+05:30  INFO 5052 --- [Tcp-Client-Server] [reactor-tcp-nio-3] c.t.R.service.client.ReactiveTcpClient   : Client connected to server.
2024-11-15T00:32:40.148+05:30  INFO 5052 --- [Tcp-Client-Server] [reactor-tcp-nio-4] c.t.R.service.server.ReactiveTcpServer   : Server received: hi
2024-11-15T00:32:43.973+05:30  INFO 5052 --- [Tcp-Client-Server] [reactor-tcp-nio-4] c.t.R.service.server.ReactiveTcpServer   : Server received: hi
2024-11-15T00:32:47.713+05:30  INFO 5052 --- [Tcp-Client-Server] [reactor-tcp-nio-4] c.t.R.service.server.ReactiveTcpServer   : Server received: hi
2024-11-15T00:32:48.230+05:30  INFO 5052 --- [Tcp-Client-Server] [reactor-tcp-nio-4] c.t.R.service.server.ReactiveTcpServer   : Server received: hi
2024-11-15T00:33:00.143+05:30  INFO 8160 --- [Tcp-Client-Server] [main] t.R.TcpClientServerConnectionApplication : Starting TcpClientServerConnectionApplication using Java 17.0.12 with PID 8160 (D:\JJ\vv\sample - 1\target\classes started by jeyar in D:\JJ\vv\sample - 1)
2024-11-15T00:33:00.148+05:30 DEBUG 8160 --- [Tcp-Client-Server] [main] t.R.TcpClientServerConnectionApplication : Running with Spring Boot v3.3.5, Spring v6.1.14
2024-11-15T00:33:00.157+05:30  INFO 8160 --- [Tcp-Client-Server] [main] t.R.TcpClientServerConnectionApplication : No active profile set, falling back to 1 default profile: "default"
2024-11-15T00:33:03.145+05:30  INFO 8160 --- [Tcp-Client-Server] [main] o.s.b.web.embedded.netty.NettyWebServer  : Netty started on port 8080 (http)
2024-11-15T00:33:03.172+05:30  INFO 8160 --- [Tcp-Client-Server] [main] t.R.TcpClientServerConnectionApplication : Started TcpClientServerConnectionApplication in 4.006 seconds (process running for 5.068)
2024-11-15T00:33:03.181+05:30  INFO 8160 --- [Tcp-Client-Server] [main] c.t.R.service.server.ReactiveTcpServer   : TCP Server started on port: 5000
2024-11-15T00:33:09.854+05:30  INFO 8160 --- [Tcp-Client-Server] [reactor-tcp-nio-3] c.t.R.util.TcpClientUtil                 : Successfully connected to the server
2024-11-15T00:33:09.855+05:30  INFO 8160 --- [Tcp-Client-Server] [reactor-tcp-nio-3] c.t.R.service.client.ReactiveTcpClient   : Client connected to server.
2024-11-15T00:33:09.868+05:30  INFO 8160 --- [Tcp-Client-Server] [reactor-tcp-nio-4] c.t.R.service.server.ReactiveTcpServer   : Server received: hi
2024-11-15T00:33:19.509+05:30  INFO 10452 --- [Tcp-Client-Server] [main] t.R.TcpClientServerConnectionApplication : Starting TcpClientServerConnectionApplication using Java 17.0.12 with PID 10452 (D:\JJ\vv\sample - 1\target\classes started by jeyar in D:\JJ\vv\sample - 1)
2024-11-15T00:33:19.521+05:30 DEBUG 10452 --- [Tcp-Client-Server] [main] t.R.TcpClientServerConnectionApplication : Running with Spring Boot v3.3.5, Spring v6.1.14
2024-11-15T00:33:19.523+05:30  INFO 10452 --- [Tcp-Client-Server] [main] t.R.TcpClientServerConnectionApplication : No active profile set, falling back to 1 default profile: "default"
2024-11-15T00:33:22.977+05:30  INFO 10452 --- [Tcp-Client-Server] [main] o.s.b.web.embedded.netty.NettyWebServer  : Netty started on port 8080 (http)
2024-11-15T00:33:23.012+05:30  INFO 10452 --- [Tcp-Client-Server] [main] t.R.TcpClientServerConnectionApplication : Started TcpClientServerConnectionApplication in 4.509 seconds (process running for 5.29)
2024-11-15T00:33:23.028+05:30  INFO 10452 --- [Tcp-Client-Server] [main] c.t.R.service.server.ReactiveTcpServer   : TCP Server started on port: 5000
2024-11-15T00:33:31.930+05:30  INFO 10452 --- [Tcp-Client-Server] [reactor-tcp-nio-3] c.t.R.util.TcpClientUtil                 : Successfully connected to the server
2024-11-15T00:33:31.931+05:30  INFO 10452 --- [Tcp-Client-Server] [reactor-tcp-nio-3] c.t.R.service.client.ReactiveTcpClient   : Client connected to server.
2024-11-15T00:33:31.946+05:30  INFO 10452 --- [Tcp-Client-Server] [reactor-tcp-nio-4] c.t.R.service.server.ReactiveTcpServer   : Server received: hi
2024-11-15T00:33:37.563+05:30  INFO 10452 --- [Tcp-Client-Server] [reactor-tcp-nio-4] c.t.R.service.server.ReactiveTcpServer   : Server received: Hello
2024-11-15T00:35:29.616+05:30  INFO 13200 --- [Tcp-Client-Server] [main] t.R.TcpClientServerConnectionApplication : Starting TcpClientServerConnectionApplication using Java 17.0.12 with PID 13200 (D:\JJ\vv\sample - 1\target\classes started by jeyar in D:\JJ\vv\sample - 1)
2024-11-15T00:35:29.621+05:30 DEBUG 13200 --- [Tcp-Client-Server] [main] t.R.TcpClientServerConnectionApplication : Running with Spring Boot v3.3.5, Spring v6.1.14
2024-11-15T00:35:29.623+05:30  INFO 13200 --- [Tcp-Client-Server] [main] t.R.TcpClientServerConnectionApplication : No active profile set, falling back to 1 default profile: "default"
2024-11-15T00:35:32.535+05:30  INFO 13200 --- [Tcp-Client-Server] [main] o.s.b.web.embedded.netty.NettyWebServer  : Netty started on port 8080 (http)
2024-11-15T00:35:32.562+05:30  INFO 13200 --- [Tcp-Client-Server] [main] t.R.TcpClientServerConnectionApplication : Started TcpClientServerConnectionApplication in 3.796 seconds (process running for 4.554)
2024-11-15T00:35:32.570+05:30  INFO 13200 --- [Tcp-Client-Server] [main] c.t.R.service.server.ReactiveTcpServer   : TCP Server started on port: 5000
2024-11-15T00:35:37.380+05:30  INFO 13200 --- [Tcp-Client-Server] [reactor-tcp-nio-3] c.t.R.util.TcpClientUtil                 : Successfully connected to the server
2024-11-15T00:35:37.380+05:30  INFO 13200 --- [Tcp-Client-Server] [reactor-tcp-nio-3] c.t.R.service.client.ReactiveTcpClient   : Client connected to server.
2024-11-15T00:35:37.393+05:30  INFO 13200 --- [Tcp-Client-Server] [reactor-tcp-nio-4] c.t.R.service.server.ReactiveTcpServer   : Server received: Hello
2024-11-15T00:35:37.394+05:30  INFO 13200 --- [Tcp-Client-Server] [reactor-tcp-nio-3] c.t.R.service.client.ReactiveTcpClient   : Client received: Server Acknowledged: Hello
2024-11-15T00:35:41.964+05:30  INFO 13200 --- [Tcp-Client-Server] [reactor-tcp-nio-4] c.t.R.service.server.ReactiveTcpServer   : Server received: hi
2024-11-15T00:35:41.965+05:30 ERROR 13200 --- [Tcp-Client-Server] [reactor-tcp-nio-3] c.t.R.service.client.ReactiveTcpClient   : Error during message send: Rejecting additional inbound receiver. State=[terminated=false, cancelled=true, pending=0, error=false]
2024-11-15T00:35:42.023+05:30 ERROR 13200 --- [Tcp-Client-Server] [reactor-tcp-nio-3] a.w.r.e.AbstractErrorWebExceptionHandler : [08c6490a-2]  500 Server Error for HTTP GET "/tcp/sendToServer?message=hi"

java.lang.IllegalStateException: Rejecting additional inbound receiver. State=[terminated=false, cancelled=true, pending=0, error=false]
	at reactor.netty.channel.FluxReceive.startReceiver(FluxReceive.java:189) ~[reactor-netty-core-1.1.23.jar:1.1.23]
	Suppressed: reactor.core.publisher.FluxOnAssembly$OnAssemblyException: 
Error has been observed at the following site(s):
	*__checkpoint ⇢ Handler com.tcp.ReactiveTcpListener.controller.TcpController#sendMessageToServer(String) [DispatcherHandler]
	*__checkpoint ⇢ HTTP GET "/tcp/sendToServer?message=hi" [ExceptionHandlingWebHandler]
Original Stack Trace:
		at reactor.netty.channel.FluxReceive.startReceiver(FluxReceive.java:189) ~[reactor-netty-core-1.1.23.jar:1.1.23]
		at reactor.netty.channel.FluxReceive.lambda$subscribe$2(FluxReceive.java:150) ~[reactor-netty-core-1.1.23.jar:1.1.23]
		at io.netty.util.concurrent.AbstractEventExecutor.runTask$$$capture(AbstractEventExecutor.java:173) ~[netty-common-4.1.114.Final.jar:4.1.114.Final]
		at io.netty.util.concurrent.AbstractEventExecutor.runTask(AbstractEventExecutor.java) ~[netty-common-4.1.114.Final.jar:4.1.114.Final]
		at io.netty.util.concurrent.AbstractEventExecutor.safeExecute$$$capture(AbstractEventExecutor.java:166) ~[netty-common-4.1.114.Final.jar:4.1.114.Final]
		at io.netty.util.concurrent.AbstractEventExecutor.safeExecute(AbstractEventExecutor.java) ~[netty-common-4.1.114.Final.jar:4.1.114.Final]
		at io.netty.util.concurrent.SingleThreadEventExecutor.runAllTasks(SingleThreadEventExecutor.java:472) ~[netty-common-4.1.114.Final.jar:4.1.114.Final]
		at io.netty.channel.nio.NioEventLoop.run(NioEventLoop.java:566) ~[netty-transport-4.1.114.Final.jar:4.1.114.Final]
		at io.netty.util.concurrent.SingleThreadEventExecutor$4.run(SingleThreadEventExecutor.java:997) ~[netty-common-4.1.114.Final.jar:4.1.114.Final]
		at io.netty.util.internal.ThreadExecutorMap$2.run(ThreadExecutorMap.java:74) ~[netty-common-4.1.114.Final.jar:4.1.114.Final]
		at io.netty.util.concurrent.FastThreadLocalRunnable.run(FastThreadLocalRunnable.java:30) ~[netty-common-4.1.114.Final.jar:4.1.114.Final]
		at java.base/java.lang.Thread.run(Thread.java:840) ~[na:na]

2024-11-15T00:36:43.102+05:30  INFO 16084 --- [Tcp-Client-Server] [main] t.R.TcpClientServerConnectionApplication : Starting TcpClientServerConnectionApplication using Java 17.0.12 with PID 16084 (D:\JJ\vv\sample - 1\target\classes started by jeyar in D:\JJ\vv\sample - 1)
2024-11-15T00:36:43.113+05:30 DEBUG 16084 --- [Tcp-Client-Server] [main] t.R.TcpClientServerConnectionApplication : Running with Spring Boot v3.3.5, Spring v6.1.14
2024-11-15T00:36:43.116+05:30  INFO 16084 --- [Tcp-Client-Server] [main] t.R.TcpClientServerConnectionApplication : No active profile set, falling back to 1 default profile: "default"
2024-11-15T00:36:46.035+05:30  INFO 16084 --- [Tcp-Client-Server] [main] o.s.b.web.embedded.netty.NettyWebServer  : Netty started on port 8080 (http)
2024-11-15T00:36:46.060+05:30  INFO 16084 --- [Tcp-Client-Server] [main] t.R.TcpClientServerConnectionApplication : Started TcpClientServerConnectionApplication in 3.845 seconds (process running for 4.611)
2024-11-15T00:36:46.073+05:30  INFO 16084 --- [Tcp-Client-Server] [main] c.t.R.service.server.ReactiveTcpServer   : TCP Server started on port: 5000
2024-11-15T00:36:52.568+05:30  INFO 16084 --- [Tcp-Client-Server] [reactor-tcp-nio-3] c.t.R.util.TcpClientUtil                 : Successfully connected to the server
2024-11-15T00:36:52.569+05:30  INFO 16084 --- [Tcp-Client-Server] [reactor-tcp-nio-3] c.t.R.service.client.ReactiveTcpClient   : Client connected to server.
2024-11-15T00:36:52.578+05:30  INFO 16084 --- [Tcp-Client-Server] [reactor-tcp-nio-4] c.t.R.service.server.ReactiveTcpServer   : Server received: hi
2024-11-15T00:36:52.580+05:30  INFO 16084 --- [Tcp-Client-Server] [reactor-tcp-nio-3] c.t.R.service.client.ReactiveTcpClient   : Client received: Server Acknowledged: hi
2024-11-15T00:36:58.393+05:30  INFO 16084 --- [Tcp-Client-Server] [reactor-tcp-nio-4] c.t.R.service.server.ReactiveTcpServer   : Server received: Hello
2024-11-15T00:36:58.394+05:30 ERROR 16084 --- [Tcp-Client-Server] [reactor-tcp-nio-3] c.t.R.service.client.ReactiveTcpClient   : Error during message send: Rejecting additional inbound receiver. State=[terminated=false, cancelled=true, pending=0, error=false]
2024-11-15T00:36:58.453+05:30 ERROR 16084 --- [Tcp-Client-Server] [reactor-tcp-nio-3] a.w.r.e.AbstractErrorWebExceptionHandler : [19a3b43d-2]  500 Server Error for HTTP GET "/tcp/sendToServer?message=Hello"

java.lang.IllegalStateException: Rejecting additional inbound receiver. State=[terminated=false, cancelled=true, pending=0, error=false]
	at reactor.netty.channel.FluxReceive.startReceiver(FluxReceive.java:189) ~[reactor-netty-core-1.1.23.jar:1.1.23]
	Suppressed: reactor.core.publisher.FluxOnAssembly$OnAssemblyException: 
Error has been observed at the following site(s):
	*__checkpoint ⇢ Handler com.tcp.ReactiveTcpListener.controller.TcpController#sendMessageToServer(String) [DispatcherHandler]
	*__checkpoint ⇢ HTTP GET "/tcp/sendToServer?message=Hello" [ExceptionHandlingWebHandler]
Original Stack Trace:
		at reactor.netty.channel.FluxReceive.startReceiver(FluxReceive.java:189) ~[reactor-netty-core-1.1.23.jar:1.1.23]
		at reactor.netty.channel.FluxReceive.lambda$subscribe$2(FluxReceive.java:150) ~[reactor-netty-core-1.1.23.jar:1.1.23]
		at io.netty.util.concurrent.AbstractEventExecutor.runTask$$$capture(AbstractEventExecutor.java:173) ~[netty-common-4.1.114.Final.jar:4.1.114.Final]
		at io.netty.util.concurrent.AbstractEventExecutor.runTask(AbstractEventExecutor.java) ~[netty-common-4.1.114.Final.jar:4.1.114.Final]
		at io.netty.util.concurrent.AbstractEventExecutor.safeExecute$$$capture(AbstractEventExecutor.java:166) ~[netty-common-4.1.114.Final.jar:4.1.114.Final]
		at io.netty.util.concurrent.AbstractEventExecutor.safeExecute(AbstractEventExecutor.java) ~[netty-common-4.1.114.Final.jar:4.1.114.Final]
		at io.netty.util.concurrent.SingleThreadEventExecutor.runAllTasks(SingleThreadEventExecutor.java:472) ~[netty-common-4.1.114.Final.jar:4.1.114.Final]
		at io.netty.channel.nio.NioEventLoop.run(NioEventLoop.java:569) ~[netty-transport-4.1.114.Final.jar:4.1.114.Final]
		at io.netty.util.concurrent.SingleThreadEventExecutor$4.run(SingleThreadEventExecutor.java:997) ~[netty-common-4.1.114.Final.jar:4.1.114.Final]
		at io.netty.util.internal.ThreadExecutorMap$2.run(ThreadExecutorMap.java:74) ~[netty-common-4.1.114.Final.jar:4.1.114.Final]
		at io.netty.util.concurrent.FastThreadLocalRunnable.run(FastThreadLocalRunnable.java:30) ~[netty-common-4.1.114.Final.jar:4.1.114.Final]
		at java.base/java.lang.Thread.run(Thread.java:840) ~[na:na]

2024-11-15T00:37:00.056+05:30  INFO 16084 --- [Tcp-Client-Server] [reactor-tcp-nio-4] c.t.R.service.server.ReactiveTcpServer   : Server received: Hello
2024-11-15T00:37:00.056+05:30 ERROR 16084 --- [Tcp-Client-Server] [reactor-tcp-nio-3] c.t.R.service.client.ReactiveTcpClient   : Error during message send: Rejecting additional inbound receiver. State=[terminated=false, cancelled=true, pending=0, error=false]
2024-11-15T00:37:00.059+05:30 ERROR 16084 --- [Tcp-Client-Server] [reactor-tcp-nio-3] a.w.r.e.AbstractErrorWebExceptionHandler : [19a3b43d-3]  500 Server Error for HTTP GET "/tcp/sendToServer?message=Hello"

java.lang.IllegalStateException: Rejecting additional inbound receiver. State=[terminated=false, cancelled=true, pending=0, error=false]
	at reactor.netty.channel.FluxReceive.startReceiver(FluxReceive.java:189) ~[reactor-netty-core-1.1.23.jar:1.1.23]
	Suppressed: reactor.core.publisher.FluxOnAssembly$OnAssemblyException: 
Error has been observed at the following site(s):
	*__checkpoint ⇢ Handler com.tcp.ReactiveTcpListener.controller.TcpController#sendMessageToServer(String) [DispatcherHandler]
	*__checkpoint ⇢ HTTP GET "/tcp/sendToServer?message=Hello" [ExceptionHandlingWebHandler]
Original Stack Trace:
		at reactor.netty.channel.FluxReceive.startReceiver(FluxReceive.java:189) ~[reactor-netty-core-1.1.23.jar:1.1.23]
		at reactor.netty.channel.FluxReceive.subscribe(FluxReceive.java:147) ~[reactor-netty-core-1.1.23.jar:1.1.23]
		at reactor.core.publisher.InternalFluxOperator.subscribe(InternalFluxOperator.java:68) ~[reactor-core-3.6.11.jar:3.6.11]
		at reactor.netty.ByteBufFlux.subscribe(ByteBufFlux.java:340) ~[reactor-netty-core-1.1.23.jar:1.1.23]
		at reactor.core.publisher.Flux.subscribe(Flux.java:8848) ~[reactor-core-3.6.11.jar:3.6.11]
		at reactor.core.publisher.FluxConcatArray$ConcatArraySubscriber.onComplete(FluxConcatArray.java:238) ~[reactor-core-3.6.11.jar:3.6.11]
		at reactor.core.publisher.MonoIgnoreElements$IgnoreElementsSubscriber.onComplete(MonoIgnoreElements.java:89) ~[reactor-core-3.6.11.jar:3.6.11]
		at reactor.core.publisher.FluxContextWrite$ContextWriteSubscriber.onComplete(FluxContextWrite.java:126) ~[reactor-core-3.6.11.jar:3.6.11]
		at reactor.core.publisher.FluxHide$SuppressFuseableSubscriber.onComplete(FluxHide.java:147) ~[reactor-core-3.6.11.jar:3.6.11]
		at reactor.netty.FutureMono$FutureSubscription.operationComplete(FutureMono.java:196) ~[reactor-netty-core-1.1.23.jar:1.1.23]
		at io.netty.util.concurrent.DefaultPromise.notifyListener0(DefaultPromise.java:590) ~[netty-common-4.1.114.Final.jar:4.1.114.Final]
		at io.netty.util.concurrent.DefaultPromise.notifyListenersNow(DefaultPromise.java:557) ~[netty-common-4.1.114.Final.jar:4.1.114.Final]
		at io.netty.util.concurrent.DefaultPromise.notifyListeners(DefaultPromise.java:492) ~[netty-common-4.1.114.Final.jar:4.1.114.Final]
		at io.netty.util.concurrent.DefaultPromise.setValue0(DefaultPromise.java:636) ~[netty-common-4.1.114.Final.jar:4.1.114.Final]
		at io.netty.util.concurrent.DefaultPromise.setSuccess0(DefaultPromise.java:625) ~[netty-common-4.1.114.Final.jar:4.1.114.Final]
		at io.netty.util.concurrent.DefaultPromise.trySuccess(DefaultPromise.java:105) ~[netty-common-4.1.114.Final.jar:4.1.114.Final]
		at io.netty.util.internal.PromiseNotificationUtil.trySuccess(PromiseNotificationUtil.java:48) ~[netty-common-4.1.114.Final.jar:4.1.114.Final]
		at io.netty.channel.ChannelOutboundBuffer.safeSuccess(ChannelOutboundBuffer.java:748) ~[netty-transport-4.1.114.Final.jar:4.1.114.Final]
		at io.netty.channel.ChannelOutboundBuffer.remove(ChannelOutboundBuffer.java:303) ~[netty-transport-4.1.114.Final.jar:4.1.114.Final]
		at io.netty.channel.ChannelOutboundBuffer.removeBytes(ChannelOutboundBuffer.java:383) ~[netty-transport-4.1.114.Final.jar:4.1.114.Final]
		at io.netty.channel.socket.nio.NioSocketChannel.doWrite(NioSocketChannel.java:420) ~[netty-transport-4.1.114.Final.jar:4.1.114.Final]
		at io.netty.channel.AbstractChannel$AbstractUnsafe.flush0(AbstractChannel.java:929) ~[netty-transport-4.1.114.Final.jar:4.1.114.Final]
		at io.netty.channel.nio.AbstractNioChannel$AbstractNioUnsafe.flush0(AbstractNioChannel.java:359) ~[netty-transport-4.1.114.Final.jar:4.1.114.Final]
		at io.netty.channel.AbstractChannel$AbstractUnsafe.flush(AbstractChannel.java:893) ~[netty-transport-4.1.114.Final.jar:4.1.114.Final]
		at io.netty.channel.DefaultChannelPipeline$HeadContext.flush(DefaultChannelPipeline.java:1319) ~[netty-transport-4.1.114.Final.jar:4.1.114.Final]
		at io.netty.channel.AbstractChannelHandlerContext.invokeFlush0(AbstractChannelHandlerContext.java:935) ~[netty-transport-4.1.114.Final.jar:4.1.114.Final]
		at io.netty.channel.AbstractChannelHandlerContext.invokeFlush(AbstractChannelHandlerContext.java:921) ~[netty-transport-4.1.114.Final.jar:4.1.114.Final]
		at io.netty.channel.AbstractChannelHandlerContext.flush(AbstractChannelHandlerContext.java:907) ~[netty-transport-4.1.114.Final.jar:4.1.114.Final]
		at io.netty.handler.logging.LoggingHandler.flush(LoggingHandler.java:304) ~[netty-handler-4.1.114.Final.jar:4.1.114.Final]
		at io.netty.channel.AbstractChannelHandlerContext.invokeFlush0(AbstractChannelHandlerContext.java:937) ~[netty-transport-4.1.114.Final.jar:4.1.114.Final]
		at io.netty.channel.AbstractChannelHandlerContext.invokeWriteAndFlush(AbstractChannelHandlerContext.java:957) ~[netty-transport-4.1.114.Final.jar:4.1.114.Final]
		at io.netty.channel.AbstractChannelHandlerContext$WriteTask.run(AbstractChannelHandlerContext.java:1263) ~[netty-transport-4.1.114.Final.jar:4.1.114.Final]
		at io.netty.util.concurrent.AbstractEventExecutor.runTask$$$capture(AbstractEventExecutor.java:173) ~[netty-common-4.1.114.Final.jar:4.1.114.Final]
		at io.netty.util.concurrent.AbstractEventExecutor.runTask(AbstractEventExecutor.java) ~[netty-common-4.1.114.Final.jar:4.1.114.Final]
		at io.netty.util.concurrent.AbstractEventExecutor.safeExecute$$$capture(AbstractEventExecutor.java:166) ~[netty-common-4.1.114.Final.jar:4.1.114.Final]
		at io.netty.util.concurrent.AbstractEventExecutor.safeExecute(AbstractEventExecutor.java) ~[netty-common-4.1.114.Final.jar:4.1.114.Final]
		at io.netty.util.concurrent.SingleThreadEventExecutor.runAllTasks(SingleThreadEventExecutor.java:472) ~[netty-common-4.1.114.Final.jar:4.1.114.Final]
		at io.netty.channel.nio.NioEventLoop.run(NioEventLoop.java:569) ~[netty-transport-4.1.114.Final.jar:4.1.114.Final]
		at io.netty.util.concurrent.SingleThreadEventExecutor$4.run(SingleThreadEventExecutor.java:997) ~[netty-common-4.1.114.Final.jar:4.1.114.Final]
		at io.netty.util.internal.ThreadExecutorMap$2.run(ThreadExecutorMap.java:74) ~[netty-common-4.1.114.Final.jar:4.1.114.Final]
		at io.netty.util.concurrent.FastThreadLocalRunnable.run(FastThreadLocalRunnable.java:30) ~[netty-common-4.1.114.Final.jar:4.1.114.Final]
		at java.base/java.lang.Thread.run(Thread.java:840) ~[na:na]

2024-11-15T00:37:43.782+05:30 ERROR 16084 --- [Tcp-Client-Server] [reactor-tcp-nio-3] c.t.R.service.client.ReactiveTcpClient   : Error during message send: Rejecting additional inbound receiver. State=[terminated=false, cancelled=true, pending=0, error=false]
2024-11-15T00:37:43.782+05:30  INFO 16084 --- [Tcp-Client-Server] [reactor-tcp-nio-4] c.t.R.service.server.ReactiveTcpServer   : Server received: Hello
2024-11-15T00:37:43.784+05:30 ERROR 16084 --- [Tcp-Client-Server] [reactor-tcp-nio-3] a.w.r.e.AbstractErrorWebExceptionHandler : [19a3b43d-4]  500 Server Error for HTTP GET "/tcp/sendToServer?message=Hello"

java.lang.IllegalStateException: Rejecting additional inbound receiver. State=[terminated=false, cancelled=true, pending=0, error=false]
	at reactor.netty.channel.FluxReceive.startReceiver(FluxReceive.java:189) ~[reactor-netty-core-1.1.23.jar:1.1.23]
	Suppressed: reactor.core.publisher.FluxOnAssembly$OnAssemblyException: 
Error has been observed at the following site(s):
	*__checkpoint ⇢ Handler com.tcp.ReactiveTcpListener.controller.TcpController#sendMessageToServer(String) [DispatcherHandler]
	*__checkpoint ⇢ HTTP GET "/tcp/sendToServer?message=Hello" [ExceptionHandlingWebHandler]
Original Stack Trace:
		at reactor.netty.channel.FluxReceive.startReceiver(FluxReceive.java:189) ~[reactor-netty-core-1.1.23.jar:1.1.23]
		at reactor.netty.channel.FluxReceive.subscribe(FluxReceive.java:147) ~[reactor-netty-core-1.1.23.jar:1.1.23]
		at reactor.core.publisher.InternalFluxOperator.subscribe(InternalFluxOperator.java:68) ~[reactor-core-3.6.11.jar:3.6.11]
		at reactor.netty.ByteBufFlux.subscribe(ByteBufFlux.java:340) ~[reactor-netty-core-1.1.23.jar:1.1.23]
		at reactor.core.publisher.Flux.subscribe(Flux.java:8848) ~[reactor-core-3.6.11.jar:3.6.11]
		at reactor.core.publisher.FluxConcatArray$ConcatArraySubscriber.onComplete(FluxConcatArray.java:238) ~[reactor-core-3.6.11.jar:3.6.11]
		at reactor.core.publisher.MonoIgnoreElements$IgnoreElementsSubscriber.onComplete(MonoIgnoreElements.java:89) ~[reactor-core-3.6.11.jar:3.6.11]
		at reactor.core.publisher.FluxContextWrite$ContextWriteSubscriber.onComplete(FluxContextWrite.java:126) ~[reactor-core-3.6.11.jar:3.6.11]
		at reactor.core.publisher.FluxHide$SuppressFuseableSubscriber.onComplete(FluxHide.java:147) ~[reactor-core-3.6.11.jar:3.6.11]
		at reactor.netty.FutureMono$FutureSubscription.operationComplete(FutureMono.java:196) ~[reactor-netty-core-1.1.23.jar:1.1.23]
		at io.netty.util.concurrent.DefaultPromise.notifyListener0(DefaultPromise.java:590) ~[netty-common-4.1.114.Final.jar:4.1.114.Final]
		at io.netty.util.concurrent.DefaultPromise.notifyListenersNow(DefaultPromise.java:557) ~[netty-common-4.1.114.Final.jar:4.1.114.Final]
		at io.netty.util.concurrent.DefaultPromise.notifyListeners(DefaultPromise.java:492) ~[netty-common-4.1.114.Final.jar:4.1.114.Final]
		at io.netty.util.concurrent.DefaultPromise.setValue0(DefaultPromise.java:636) ~[netty-common-4.1.114.Final.jar:4.1.114.Final]
		at io.netty.util.concurrent.DefaultPromise.setSuccess0(DefaultPromise.java:625) ~[netty-common-4.1.114.Final.jar:4.1.114.Final]
		at io.netty.util.concurrent.DefaultPromise.trySuccess(DefaultPromise.java:105) ~[netty-common-4.1.114.Final.jar:4.1.114.Final]
		at io.netty.util.internal.PromiseNotificationUtil.trySuccess(PromiseNotificationUtil.java:48) ~[netty-common-4.1.114.Final.jar:4.1.114.Final]
		at io.netty.channel.ChannelOutboundBuffer.safeSuccess(ChannelOutboundBuffer.java:748) ~[netty-transport-4.1.114.Final.jar:4.1.114.Final]
		at io.netty.channel.ChannelOutboundBuffer.remove(ChannelOutboundBuffer.java:303) ~[netty-transport-4.1.114.Final.jar:4.1.114.Final]
		at io.netty.channel.ChannelOutboundBuffer.removeBytes(ChannelOutboundBuffer.java:383) ~[netty-transport-4.1.114.Final.jar:4.1.114.Final]
		at io.netty.channel.socket.nio.NioSocketChannel.doWrite(NioSocketChannel.java:420) ~[netty-transport-4.1.114.Final.jar:4.1.114.Final]
		at io.netty.channel.AbstractChannel$AbstractUnsafe.flush0(AbstractChannel.java:929) ~[netty-transport-4.1.114.Final.jar:4.1.114.Final]
		at io.netty.channel.nio.AbstractNioChannel$AbstractNioUnsafe.flush0(AbstractNioChannel.java:359) ~[netty-transport-4.1.114.Final.jar:4.1.114.Final]
		at io.netty.channel.AbstractChannel$AbstractUnsafe.flush(AbstractChannel.java:893) ~[netty-transport-4.1.114.Final.jar:4.1.114.Final]
		at io.netty.channel.DefaultChannelPipeline$HeadContext.flush(DefaultChannelPipeline.java:1319) ~[netty-transport-4.1.114.Final.jar:4.1.114.Final]
		at io.netty.channel.AbstractChannelHandlerContext.invokeFlush0(AbstractChannelHandlerContext.java:935) ~[netty-transport-4.1.114.Final.jar:4.1.114.Final]
		at io.netty.channel.AbstractChannelHandlerContext.invokeFlush(AbstractChannelHandlerContext.java:921) ~[netty-transport-4.1.114.Final.jar:4.1.114.Final]
		at io.netty.channel.AbstractChannelHandlerContext.flush(AbstractChannelHandlerContext.java:907) ~[netty-transport-4.1.114.Final.jar:4.1.114.Final]
		at io.netty.handler.logging.LoggingHandler.flush(LoggingHandler.java:304) ~[netty-handler-4.1.114.Final.jar:4.1.114.Final]
		at io.netty.channel.AbstractChannelHandlerContext.invokeFlush0(AbstractChannelHandlerContext.java:937) ~[netty-transport-4.1.114.Final.jar:4.1.114.Final]
		at io.netty.channel.AbstractChannelHandlerContext.invokeWriteAndFlush(AbstractChannelHandlerContext.java:957) ~[netty-transport-4.1.114.Final.jar:4.1.114.Final]
		at io.netty.channel.AbstractChannelHandlerContext$WriteTask.run(AbstractChannelHandlerContext.java:1263) ~[netty-transport-4.1.114.Final.jar:4.1.114.Final]
		at io.netty.util.concurrent.AbstractEventExecutor.runTask$$$capture(AbstractEventExecutor.java:173) ~[netty-common-4.1.114.Final.jar:4.1.114.Final]
		at io.netty.util.concurrent.AbstractEventExecutor.runTask(AbstractEventExecutor.java) ~[netty-common-4.1.114.Final.jar:4.1.114.Final]
		at io.netty.util.concurrent.AbstractEventExecutor.safeExecute$$$capture(AbstractEventExecutor.java:166) ~[netty-common-4.1.114.Final.jar:4.1.114.Final]
		at io.netty.util.concurrent.AbstractEventExecutor.safeExecute(AbstractEventExecutor.java) ~[netty-common-4.1.114.Final.jar:4.1.114.Final]
		at io.netty.util.concurrent.SingleThreadEventExecutor.runAllTasks(SingleThreadEventExecutor.java:472) ~[netty-common-4.1.114.Final.jar:4.1.114.Final]
		at io.netty.channel.nio.NioEventLoop.run(NioEventLoop.java:569) ~[netty-transport-4.1.114.Final.jar:4.1.114.Final]
		at io.netty.util.concurrent.SingleThreadEventExecutor$4.run(SingleThreadEventExecutor.java:997) ~[netty-common-4.1.114.Final.jar:4.1.114.Final]
		at io.netty.util.internal.ThreadExecutorMap$2.run(ThreadExecutorMap.java:74) ~[netty-common-4.1.114.Final.jar:4.1.114.Final]
		at io.netty.util.concurrent.FastThreadLocalRunnable.run(FastThreadLocalRunnable.java:30) ~[netty-common-4.1.114.Final.jar:4.1.114.Final]
		at java.base/java.lang.Thread.run(Thread.java:840) ~[na:na]

2024-11-15T00:40:33.809+05:30  INFO 17464 --- [Tcp-Client-Server] [main] t.R.TcpClientServerConnectionApplication : Starting TcpClientServerConnectionApplication using Java 17.0.12 with PID 17464 (D:\JJ\vv\sample - 1\target\classes started by jeyar in D:\JJ\vv\sample - 1)
2024-11-15T00:40:33.814+05:30 DEBUG 17464 --- [Tcp-Client-Server] [main] t.R.TcpClientServerConnectionApplication : Running with Spring Boot v3.3.5, Spring v6.1.14
2024-11-15T00:40:33.817+05:30  INFO 17464 --- [Tcp-Client-Server] [main] t.R.TcpClientServerConnectionApplication : No active profile set, falling back to 1 default profile: "default"
2024-11-15T00:40:36.765+05:30  INFO 17464 --- [Tcp-Client-Server] [main] o.s.b.web.embedded.netty.NettyWebServer  : Netty started on port 8080 (http)
2024-11-15T00:40:36.794+05:30  INFO 17464 --- [Tcp-Client-Server] [main] t.R.TcpClientServerConnectionApplication : Started TcpClientServerConnectionApplication in 3.866 seconds (process running for 4.628)
2024-11-15T00:40:36.803+05:30  INFO 17464 --- [Tcp-Client-Server] [main] c.t.R.service.server.ReactiveTcpServer   : TCP Server started on port: 5000
2024-11-15T00:40:57.284+05:30  INFO 17464 --- [Tcp-Client-Server] [reactor-tcp-nio-3] c.t.R.util.TcpClientUtil                 : Successfully connected to the server
2024-11-15T00:40:57.298+05:30  INFO 17464 --- [Tcp-Client-Server] [reactor-tcp-nio-4] c.t.R.service.server.ReactiveTcpServer   : Server received: Hello
2024-11-15T00:40:57.300+05:30  INFO 17464 --- [Tcp-Client-Server] [reactor-tcp-nio-3] c.t.R.service.client.ReactiveTcpClient   : Client received: Server Acknowledged: Hello
2024-11-15T00:41:04.654+05:30  INFO 17464 --- [Tcp-Client-Server] [reactor-tcp-nio-5] c.t.R.util.TcpClientUtil                 : Successfully connected to the server
2024-11-15T00:41:04.660+05:30  INFO 17464 --- [Tcp-Client-Server] [reactor-tcp-nio-6] c.t.R.service.server.ReactiveTcpServer   : Server received: hi
2024-11-15T00:41:04.661+05:30  INFO 17464 --- [Tcp-Client-Server] [reactor-tcp-nio-5] c.t.R.service.client.ReactiveTcpClient   : Client received: Server Acknowledged: hi
2024-11-15T00:41:11.158+05:30  INFO 17464 --- [Tcp-Client-Server] [reactor-tcp-nio-7] c.t.R.util.TcpClientUtil                 : Successfully connected to the server
2024-11-15T00:41:11.162+05:30  INFO 17464 --- [Tcp-Client-Server] [reactor-tcp-nio-8] c.t.R.service.server.ReactiveTcpServer   : Server received: Test0001
2024-11-15T00:41:11.163+05:30  INFO 17464 --- [Tcp-Client-Server] [reactor-tcp-nio-7] c.t.R.service.client.ReactiveTcpClient   : Client received: Server Acknowledged: Test0001
2024-11-15T00:41:56.805+05:30  INFO 20476 --- [Tcp-Client-Server] [main] t.R.TcpClientServerConnectionApplication : Starting TcpClientServerConnectionApplication using Java 17.0.12 with PID 20476 (D:\JJ\vv\sample - 1\target\classes started by jeyar in D:\JJ\vv\sample - 1)
2024-11-15T00:41:56.810+05:30 DEBUG 20476 --- [Tcp-Client-Server] [main] t.R.TcpClientServerConnectionApplication : Running with Spring Boot v3.3.5, Spring v6.1.14
2024-11-15T00:41:56.812+05:30  INFO 20476 --- [Tcp-Client-Server] [main] t.R.TcpClientServerConnectionApplication : No active profile set, falling back to 1 default profile: "default"
2024-11-15T00:41:59.770+05:30  INFO 20476 --- [Tcp-Client-Server] [main] o.s.b.web.embedded.netty.NettyWebServer  : Netty started on port 8080 (http)
2024-11-15T00:41:59.791+05:30  INFO 20476 --- [Tcp-Client-Server] [main] t.R.TcpClientServerConnectionApplication : Started TcpClientServerConnectionApplication in 3.93 seconds (process running for 4.726)
2024-11-15T00:41:59.801+05:30  INFO 20476 --- [Tcp-Client-Server] [main] c.t.R.service.server.ReactiveTcpServer   : TCP Server started on port: 5000
2024-11-15T00:42:01.695+05:30  INFO 20476 --- [Tcp-Client-Server] [reactor-tcp-nio-3] c.t.R.util.TcpClientUtil                 : Successfully connected to the server
2024-11-15T00:42:01.705+05:30  INFO 20476 --- [Tcp-Client-Server] [reactor-tcp-nio-4] c.t.R.service.server.ReactiveTcpServer   : Server received: Test0001
2024-11-15T00:42:01.706+05:30  INFO 20476 --- [Tcp-Client-Server] [reactor-tcp-nio-3] c.t.R.service.client.ReactiveTcpClient   : Client received: Mi Server Acknowledged: Test0001
2024-11-15T00:42:05.048+05:30  INFO 20476 --- [Tcp-Client-Server] [reactor-tcp-nio-5] c.t.R.util.TcpClientUtil                 : Successfully connected to the server
2024-11-15T00:42:05.052+05:30  INFO 20476 --- [Tcp-Client-Server] [reactor-tcp-nio-6] c.t.R.service.server.ReactiveTcpServer   : Server received: Test0001
2024-11-15T00:42:05.053+05:30  INFO 20476 --- [Tcp-Client-Server] [reactor-tcp-nio-5] c.t.R.service.client.ReactiveTcpClient   : Client received: Mi Server Acknowledged: Test0001
2024-11-15T00:42:12.798+05:30  INFO 20476 --- [Tcp-Client-Server] [reactor-tcp-nio-7] c.t.R.util.TcpClientUtil                 : Successfully connected to the server
2024-11-15T00:42:12.802+05:30  INFO 20476 --- [Tcp-Client-Server] [reactor-tcp-nio-8] c.t.R.service.server.ReactiveTcpServer   : Server received: hi
2024-11-15T00:42:12.803+05:30  INFO 20476 --- [Tcp-Client-Server] [reactor-tcp-nio-7] c.t.R.service.client.ReactiveTcpClient   : Client received: Mi Server Acknowledged: hi
2024-11-15T00:43:51.854+05:30  INFO 21380 --- [Tcp-Client-Server] [main] t.R.TcpClientServerConnectionApplication : Starting TcpClientServerConnectionApplication using Java 17.0.12 with PID 21380 (D:\JJ\vv\sample - 1\target\classes started by jeyar in D:\JJ\vv\sample - 1)
2024-11-15T00:43:51.859+05:30 DEBUG 21380 --- [Tcp-Client-Server] [main] t.R.TcpClientServerConnectionApplication : Running with Spring Boot v3.3.5, Spring v6.1.14
2024-11-15T00:43:51.861+05:30  INFO 21380 --- [Tcp-Client-Server] [main] t.R.TcpClientServerConnectionApplication : No active profile set, falling back to 1 default profile: "default"
2024-11-15T00:43:54.938+05:30  INFO 21380 --- [Tcp-Client-Server] [main] o.s.b.web.embedded.netty.NettyWebServer  : Netty started on port 8080 (http)
2024-11-15T00:43:54.963+05:30  INFO 21380 --- [Tcp-Client-Server] [main] t.R.TcpClientServerConnectionApplication : Started TcpClientServerConnectionApplication in 4.036 seconds (process running for 4.839)
2024-11-15T00:43:54.972+05:30  INFO 21380 --- [Tcp-Client-Server] [main] c.t.R.service.server.ReactiveTcpServer   : TCP Server started on port: 5000
2024-11-15T00:44:03.019+05:30  INFO 21380 --- [Tcp-Client-Server] [reactor-tcp-nio-3] c.t.R.util.TcpClientUtil                 : Successfully connected to the server
2024-11-15T00:44:03.022+05:30  INFO 21380 --- [Tcp-Client-Server] [reactor-tcp-nio-3] c.t.R.service.client.ReactiveTcpClient   : Client connected to server.
2024-11-15T00:44:03.029+05:30  INFO 21380 --- [Tcp-Client-Server] [reactor-tcp-nio-4] c.t.R.service.server.ReactiveTcpServer   : Server received: hi
2024-11-15T00:44:03.037+05:30  INFO 21380 --- [Tcp-Client-Server] [reactor-tcp-nio-3] c.t.R.service.client.ReactiveTcpClient   : Client received: Mi Server Acknowledged: hi
2024-11-15T00:44:03.294+05:30  INFO 21380 --- [Tcp-Client-Server] [reactor-tcp-nio-4] c.t.R.service.server.ReactiveTcpServer   : Server received: hi
2024-11-15T00:44:03.295+05:30  INFO 21380 --- [Tcp-Client-Server] [reactor-tcp-nio-3] c.t.R.service.client.ReactiveTcpClient   : Client received: Mi Server Acknowledged: hi
2024-11-15T00:44:14.068+05:30  INFO 19784 --- [Tcp-Client-Server] [main] t.R.TcpClientServerConnectionApplication : Starting TcpClientServerConnectionApplication using Java 17.0.12 with PID 19784 (D:\JJ\vv\sample - 1\target\classes started by jeyar in D:\JJ\vv\sample - 1)
2024-11-15T00:44:14.073+05:30 DEBUG 19784 --- [Tcp-Client-Server] [main] t.R.TcpClientServerConnectionApplication : Running with Spring Boot v3.3.5, Spring v6.1.14
2024-11-15T00:44:14.081+05:30  INFO 19784 --- [Tcp-Client-Server] [main] t.R.TcpClientServerConnectionApplication : No active profile set, falling back to 1 default profile: "default"
2024-11-15T00:44:16.862+05:30  INFO 19784 --- [Tcp-Client-Server] [main] o.s.b.web.embedded.netty.NettyWebServer  : Netty started on port 8080 (http)
2024-11-15T00:44:16.885+05:30  INFO 19784 --- [Tcp-Client-Server] [main] t.R.TcpClientServerConnectionApplication : Started TcpClientServerConnectionApplication in 3.696 seconds (process running for 4.441)
2024-11-15T00:44:16.892+05:30  INFO 19784 --- [Tcp-Client-Server] [main] c.t.R.service.server.ReactiveTcpServer   : TCP Server started on port: 5000
2024-11-15T00:44:20.899+05:30  INFO 19784 --- [Tcp-Client-Server] [reactor-tcp-nio-3] c.t.R.util.TcpClientUtil                 : Successfully connected to the server
2024-11-15T00:44:20.904+05:30  INFO 19784 --- [Tcp-Client-Server] [reactor-tcp-nio-3] c.t.R.service.client.ReactiveTcpClient   : Client connected to server.
2024-11-15T00:44:20.911+05:30  INFO 19784 --- [Tcp-Client-Server] [reactor-tcp-nio-4] c.t.R.service.server.ReactiveTcpServer   : Server received: hi
2024-11-15T00:44:20.920+05:30  INFO 19784 --- [Tcp-Client-Server] [reactor-tcp-nio-3] c.t.R.service.client.ReactiveTcpClient   : Client received: Mi Server Acknowledged: hi
2024-11-15T00:44:24.534+05:30  INFO 19784 --- [Tcp-Client-Server] [reactor-tcp-nio-4] c.t.R.service.server.ReactiveTcpServer   : Server received: Hello
2024-11-15T00:44:24.535+05:30  INFO 19784 --- [Tcp-Client-Server] [reactor-tcp-nio-3] c.t.R.service.client.ReactiveTcpClient   : Client received: Mi Server Acknowledged: Hello
2024-11-15T00:56:44.653+05:30  INFO 19784 --- [Tcp-Client-Server] [reactor-tcp-nio-4] c.t.R.service.server.ReactiveTcpServer   : Server received: Jry
2024-11-15T00:56:44.654+05:30  INFO 19784 --- [Tcp-Client-Server] [reactor-tcp-nio-3] c.t.R.service.client.ReactiveTcpClient   : Client received: Mi Server Acknowledged: Jry
